<?xml version="1.0" encoding="UTF-8"?>
<testsuite xmlns:xsi="http://www.w3.org/2001/XMLSchema-instance" xsi:noNamespaceSchemaLocation="https://maven.apache.org/surefire/maven-surefire-plugin/xsd/surefire-test-report.xsd" name="com.xyz.springdemo.appointmentmanagementsystem.PatientTests" time="10.901" tests="3" errors="1" skipped="0" failures="1">
  <properties>
    <property name="sun.desktop" value="gnome"/>
    <property name="awt.toolkit" value="sun.awt.X11.XToolkit"/>
    <property name="java.specification.version" value="11"/>
    <property name="sun.cpu.isalist" value=""/>
    <property name="sonar.login" value="3b84249751ec684eeb6da675611d83b34fef123e"/>
    <property name="sonar.host.url" value="https://sonarcloud.io"/>
    <property name="sun.jnu.encoding" value="UTF-8"/>
    <property name="java.class.path" value="/home/arvinc/zemoso-training/version-2.0/demo_/demo-app-v3/target/test-classes:/home/arvinc/zemoso-training/version-2.0/demo_/demo-app-v3/target/classes:/home/arvinc/.m2/repository/org/springframework/boot/spring-boot-starter-data-jpa/2.6.0/spring-boot-starter-data-jpa-2.6.0.jar:/home/arvinc/.m2/repository/org/springframework/boot/spring-boot-starter-aop/2.6.0/spring-boot-starter-aop-2.6.0.jar:/home/arvinc/.m2/repository/org/aspectj/aspectjweaver/1.9.7/aspectjweaver-1.9.7.jar:/home/arvinc/.m2/repository/org/springframework/boot/spring-boot-starter-jdbc/2.6.0/spring-boot-starter-jdbc-2.6.0.jar:/home/arvinc/.m2/repository/com/zaxxer/HikariCP/4.0.3/HikariCP-4.0.3.jar:/home/arvinc/.m2/repository/org/springframework/spring-jdbc/5.3.13/spring-jdbc-5.3.13.jar:/home/arvinc/.m2/repository/jakarta/transaction/jakarta.transaction-api/1.3.3/jakarta.transaction-api-1.3.3.jar:/home/arvinc/.m2/repository/jakarta/persistence/jakarta.persistence-api/2.2.3/jakarta.persistence-api-2.2.3.jar:/home/arvinc/.m2/repository/org/hibernate/hibernate-core/5.6.1.Final/hibernate-core-5.6.1.Final.jar:/home/arvinc/.m2/repository/org/jboss/logging/jboss-logging/3.4.2.Final/jboss-logging-3.4.2.Final.jar:/home/arvinc/.m2/repository/net/bytebuddy/byte-buddy/1.11.22/byte-buddy-1.11.22.jar:/home/arvinc/.m2/repository/antlr/antlr/2.7.7/antlr-2.7.7.jar:/home/arvinc/.m2/repository/org/jboss/jandex/2.2.3.Final/jandex-2.2.3.Final.jar:/home/arvinc/.m2/repository/com/fasterxml/classmate/1.5.1/classmate-1.5.1.jar:/home/arvinc/.m2/repository/org/hibernate/common/hibernate-commons-annotations/5.1.2.Final/hibernate-commons-annotations-5.1.2.Final.jar:/home/arvinc/.m2/repository/org/glassfish/jaxb/jaxb-runtime/2.3.5/jaxb-runtime-2.3.5.jar:/home/arvinc/.m2/repository/org/glassfish/jaxb/txw2/2.3.5/txw2-2.3.5.jar:/home/arvinc/.m2/repository/com/sun/istack/istack-commons-runtime/3.0.12/istack-commons-runtime-3.0.12.jar:/home/arvinc/.m2/repository/com/sun/activation/jakarta.activation/1.2.2/jakarta.activation-1.2.2.jar:/home/arvinc/.m2/repository/org/springframework/data/spring-data-jpa/2.6.0/spring-data-jpa-2.6.0.jar:/home/arvinc/.m2/repository/org/springframework/data/spring-data-commons/2.6.0/spring-data-commons-2.6.0.jar:/home/arvinc/.m2/repository/org/springframework/spring-orm/5.3.13/spring-orm-5.3.13.jar:/home/arvinc/.m2/repository/org/springframework/spring-context/5.3.13/spring-context-5.3.13.jar:/home/arvinc/.m2/repository/org/springframework/spring-tx/5.3.13/spring-tx-5.3.13.jar:/home/arvinc/.m2/repository/org/springframework/spring-beans/5.3.13/spring-beans-5.3.13.jar:/home/arvinc/.m2/repository/org/springframework/spring-aspects/5.3.13/spring-aspects-5.3.13.jar:/home/arvinc/.m2/repository/org/springframework/boot/spring-boot-starter-security/2.6.0/spring-boot-starter-security-2.6.0.jar:/home/arvinc/.m2/repository/org/springframework/boot/spring-boot-starter/2.6.0/spring-boot-starter-2.6.0.jar:/home/arvinc/.m2/repository/org/springframework/boot/spring-boot-starter-logging/2.6.0/spring-boot-starter-logging-2.6.0.jar:/home/arvinc/.m2/repository/ch/qos/logback/logback-classic/1.2.7/logback-classic-1.2.7.jar:/home/arvinc/.m2/repository/ch/qos/logback/logback-core/1.2.7/logback-core-1.2.7.jar:/home/arvinc/.m2/repository/org/apache/logging/log4j/log4j-to-slf4j/2.14.1/log4j-to-slf4j-2.14.1.jar:/home/arvinc/.m2/repository/org/apache/logging/log4j/log4j-api/2.14.1/log4j-api-2.14.1.jar:/home/arvinc/.m2/repository/org/slf4j/jul-to-slf4j/1.7.32/jul-to-slf4j-1.7.32.jar:/home/arvinc/.m2/repository/jakarta/annotation/jakarta.annotation-api/1.3.5/jakarta.annotation-api-1.3.5.jar:/home/arvinc/.m2/repository/org/yaml/snakeyaml/1.29/snakeyaml-1.29.jar:/home/arvinc/.m2/repository/org/springframework/spring-aop/5.3.13/spring-aop-5.3.13.jar:/home/arvinc/.m2/repository/org/springframework/security/spring-security-config/5.6.0/spring-security-config-5.6.0.jar:/home/arvinc/.m2/repository/org/springframework/security/spring-security-web/5.6.0/spring-security-web-5.6.0.jar:/home/arvinc/.m2/repository/org/springframework/spring-expression/5.3.13/spring-expression-5.3.13.jar:/home/arvinc/.m2/repository/org/springframework/boot/spring-boot-starter-thymeleaf/2.6.0/spring-boot-starter-thymeleaf-2.6.0.jar:/home/arvinc/.m2/repository/org/thymeleaf/thymeleaf-spring5/3.0.12.RELEASE/thymeleaf-spring5-3.0.12.RELEASE.jar:/home/arvinc/.m2/repository/org/thymeleaf/thymeleaf/3.0.12.RELEASE/thymeleaf-3.0.12.RELEASE.jar:/home/arvinc/.m2/repository/org/attoparser/attoparser/2.0.5.RELEASE/attoparser-2.0.5.RELEASE.jar:/home/arvinc/.m2/repository/org/unbescape/unbescape/1.1.6.RELEASE/unbescape-1.1.6.RELEASE.jar:/home/arvinc/.m2/repository/org/thymeleaf/extras/thymeleaf-extras-java8time/3.0.4.RELEASE/thymeleaf-extras-java8time-3.0.4.RELEASE.jar:/home/arvinc/.m2/repository/org/springframework/boot/spring-boot-starter-validation/2.6.0/spring-boot-starter-validation-2.6.0.jar:/home/arvinc/.m2/repository/org/apache/tomcat/embed/tomcat-embed-el/9.0.55/tomcat-embed-el-9.0.55.jar:/home/arvinc/.m2/repository/org/hibernate/validator/hibernate-validator/6.2.0.Final/hibernate-validator-6.2.0.Final.jar:/home/arvinc/.m2/repository/jakarta/validation/jakarta.validation-api/2.0.2/jakarta.validation-api-2.0.2.jar:/home/arvinc/.m2/repository/org/springframework/boot/spring-boot-starter-web/2.6.0/spring-boot-starter-web-2.6.0.jar:/home/arvinc/.m2/repository/org/springframework/boot/spring-boot-starter-json/2.6.0/spring-boot-starter-json-2.6.0.jar:/home/arvinc/.m2/repository/com/fasterxml/jackson/core/jackson-databind/2.13.0/jackson-databind-2.13.0.jar:/home/arvinc/.m2/repository/com/fasterxml/jackson/core/jackson-annotations/2.13.0/jackson-annotations-2.13.0.jar:/home/arvinc/.m2/repository/com/fasterxml/jackson/core/jackson-core/2.13.0/jackson-core-2.13.0.jar:/home/arvinc/.m2/repository/com/fasterxml/jackson/datatype/jackson-datatype-jdk8/2.13.0/jackson-datatype-jdk8-2.13.0.jar:/home/arvinc/.m2/repository/com/fasterxml/jackson/datatype/jackson-datatype-jsr310/2.13.0/jackson-datatype-jsr310-2.13.0.jar:/home/arvinc/.m2/repository/com/fasterxml/jackson/module/jackson-module-parameter-names/2.13.0/jackson-module-parameter-names-2.13.0.jar:/home/arvinc/.m2/repository/org/springframework/boot/spring-boot-starter-tomcat/2.6.0/spring-boot-starter-tomcat-2.6.0.jar:/home/arvinc/.m2/repository/org/apache/tomcat/embed/tomcat-embed-core/9.0.55/tomcat-embed-core-9.0.55.jar:/home/arvinc/.m2/repository/org/apache/tomcat/embed/tomcat-embed-websocket/9.0.55/tomcat-embed-websocket-9.0.55.jar:/home/arvinc/.m2/repository/org/springframework/spring-web/5.3.13/spring-web-5.3.13.jar:/home/arvinc/.m2/repository/org/springframework/spring-webmvc/5.3.13/spring-webmvc-5.3.13.jar:/home/arvinc/.m2/repository/org/thymeleaf/extras/thymeleaf-extras-springsecurity5/3.0.4.RELEASE/thymeleaf-extras-springsecurity5-3.0.4.RELEASE.jar:/home/arvinc/.m2/repository/org/slf4j/slf4j-api/1.7.32/slf4j-api-1.7.32.jar:/home/arvinc/.m2/repository/org/springframework/boot/spring-boot-devtools/2.6.0/spring-boot-devtools-2.6.0.jar:/home/arvinc/.m2/repository/org/springframework/boot/spring-boot/2.6.0/spring-boot-2.6.0.jar:/home/arvinc/.m2/repository/org/springframework/boot/spring-boot-autoconfigure/2.6.0/spring-boot-autoconfigure-2.6.0.jar:/home/arvinc/.m2/repository/mysql/mysql-connector-java/8.0.27/mysql-connector-java-8.0.27.jar:/home/arvinc/.m2/repository/org/springframework/boot/spring-boot-starter-test/2.6.0/spring-boot-starter-test-2.6.0.jar:/home/arvinc/.m2/repository/org/springframework/boot/spring-boot-test/2.6.0/spring-boot-test-2.6.0.jar:/home/arvinc/.m2/repository/org/springframework/boot/spring-boot-test-autoconfigure/2.6.0/spring-boot-test-autoconfigure-2.6.0.jar:/home/arvinc/.m2/repository/com/jayway/jsonpath/json-path/2.6.0/json-path-2.6.0.jar:/home/arvinc/.m2/repository/net/minidev/json-smart/2.4.7/json-smart-2.4.7.jar:/home/arvinc/.m2/repository/net/minidev/accessors-smart/2.4.7/accessors-smart-2.4.7.jar:/home/arvinc/.m2/repository/org/ow2/asm/asm/9.1/asm-9.1.jar:/home/arvinc/.m2/repository/jakarta/xml/bind/jakarta.xml.bind-api/2.3.3/jakarta.xml.bind-api-2.3.3.jar:/home/arvinc/.m2/repository/jakarta/activation/jakarta.activation-api/1.2.2/jakarta.activation-api-1.2.2.jar:/home/arvinc/.m2/repository/org/assertj/assertj-core/3.21.0/assertj-core-3.21.0.jar:/home/arvinc/.m2/repository/org/hamcrest/hamcrest/2.2/hamcrest-2.2.jar:/home/arvinc/.m2/repository/org/junit/jupiter/junit-jupiter/5.8.1/junit-jupiter-5.8.1.jar:/home/arvinc/.m2/repository/org/junit/jupiter/junit-jupiter-api/5.8.1/junit-jupiter-api-5.8.1.jar:/home/arvinc/.m2/repository/org/opentest4j/opentest4j/1.2.0/opentest4j-1.2.0.jar:/home/arvinc/.m2/repository/org/junit/platform/junit-platform-commons/1.8.1/junit-platform-commons-1.8.1.jar:/home/arvinc/.m2/repository/org/apiguardian/apiguardian-api/1.1.2/apiguardian-api-1.1.2.jar:/home/arvinc/.m2/repository/org/junit/jupiter/junit-jupiter-params/5.8.1/junit-jupiter-params-5.8.1.jar:/home/arvinc/.m2/repository/org/junit/jupiter/junit-jupiter-engine/5.8.1/junit-jupiter-engine-5.8.1.jar:/home/arvinc/.m2/repository/org/junit/platform/junit-platform-engine/1.8.1/junit-platform-engine-1.8.1.jar:/home/arvinc/.m2/repository/org/mockito/mockito-core/4.0.0/mockito-core-4.0.0.jar:/home/arvinc/.m2/repository/net/bytebuddy/byte-buddy-agent/1.11.22/byte-buddy-agent-1.11.22.jar:/home/arvinc/.m2/repository/org/objenesis/objenesis/3.2/objenesis-3.2.jar:/home/arvinc/.m2/repository/org/mockito/mockito-junit-jupiter/4.0.0/mockito-junit-jupiter-4.0.0.jar:/home/arvinc/.m2/repository/org/skyscreamer/jsonassert/1.5.0/jsonassert-1.5.0.jar:/home/arvinc/.m2/repository/com/vaadin/external/google/android-json/0.0.20131108.vaadin1/android-json-0.0.20131108.vaadin1.jar:/home/arvinc/.m2/repository/org/springframework/spring-core/5.3.13/spring-core-5.3.13.jar:/home/arvinc/.m2/repository/org/springframework/spring-jcl/5.3.13/spring-jcl-5.3.13.jar:/home/arvinc/.m2/repository/org/springframework/spring-test/5.3.13/spring-test-5.3.13.jar:/home/arvinc/.m2/repository/org/xmlunit/xmlunit-core/2.8.3/xmlunit-core-2.8.3.jar:/home/arvinc/.m2/repository/org/springframework/security/spring-security-test/5.6.0/spring-security-test-5.6.0.jar:/home/arvinc/.m2/repository/org/springframework/security/spring-security-core/5.6.0/spring-security-core-5.6.0.jar:/home/arvinc/.m2/repository/org/springframework/security/spring-security-crypto/5.6.0/spring-security-crypto-5.6.0.jar:/home/arvinc/.m2/repository/org/projectlombok/lombok/1.18.22/lombok-1.18.22.jar:/home/arvinc/.m2/repository/org/mapstruct/mapstruct/1.4.2.Final/mapstruct-1.4.2.Final.jar:/home/arvinc/.m2/repository/junit/junit/4.13.2/junit-4.13.2.jar:/home/arvinc/.m2/repository/org/hamcrest/hamcrest-core/2.2/hamcrest-core-2.2.jar:/home/arvinc/.m2/repository/org/modelmapper/modelmapper/2.4.2/modelmapper-2.4.2.jar:"/>
    <property name="java.vm.vendor" value="Ubuntu"/>
    <property name="sun.arch.data.model" value="64"/>
    <property name="java.vendor.url" value="https://ubuntu.com/"/>
    <property name="user.timezone" value=""/>
    <property name="java.vm.specification.version" value="11"/>
    <property name="os.name" value="Linux"/>
    <property name="sun.java.launcher" value="SUN_STANDARD"/>
    <property name="user.country" value="IN"/>
    <property name="sun.boot.library.path" value="/usr/lib/jvm/java-11-openjdk-amd64/lib"/>
    <property name="sun.java.command" value="/home/arvinc/zemoso-training/version-2.0/demo_/demo-app-v3/target/surefire/surefirebooter10594538151370562107.jar /home/arvinc/zemoso-training/version-2.0/demo_/demo-app-v3/target/surefire 2021-12-06T13-49-35_168-jvmRun1 surefire12542276214969611022tmp surefire_015204112476555227421tmp"/>
    <property name="jdk.debug" value="release"/>
    <property name="surefire.test.class.path" value="/home/arvinc/zemoso-training/version-2.0/demo_/demo-app-v3/target/test-classes:/home/arvinc/zemoso-training/version-2.0/demo_/demo-app-v3/target/classes:/home/arvinc/.m2/repository/org/springframework/boot/spring-boot-starter-data-jpa/2.6.0/spring-boot-starter-data-jpa-2.6.0.jar:/home/arvinc/.m2/repository/org/springframework/boot/spring-boot-starter-aop/2.6.0/spring-boot-starter-aop-2.6.0.jar:/home/arvinc/.m2/repository/org/aspectj/aspectjweaver/1.9.7/aspectjweaver-1.9.7.jar:/home/arvinc/.m2/repository/org/springframework/boot/spring-boot-starter-jdbc/2.6.0/spring-boot-starter-jdbc-2.6.0.jar:/home/arvinc/.m2/repository/com/zaxxer/HikariCP/4.0.3/HikariCP-4.0.3.jar:/home/arvinc/.m2/repository/org/springframework/spring-jdbc/5.3.13/spring-jdbc-5.3.13.jar:/home/arvinc/.m2/repository/jakarta/transaction/jakarta.transaction-api/1.3.3/jakarta.transaction-api-1.3.3.jar:/home/arvinc/.m2/repository/jakarta/persistence/jakarta.persistence-api/2.2.3/jakarta.persistence-api-2.2.3.jar:/home/arvinc/.m2/repository/org/hibernate/hibernate-core/5.6.1.Final/hibernate-core-5.6.1.Final.jar:/home/arvinc/.m2/repository/org/jboss/logging/jboss-logging/3.4.2.Final/jboss-logging-3.4.2.Final.jar:/home/arvinc/.m2/repository/net/bytebuddy/byte-buddy/1.11.22/byte-buddy-1.11.22.jar:/home/arvinc/.m2/repository/antlr/antlr/2.7.7/antlr-2.7.7.jar:/home/arvinc/.m2/repository/org/jboss/jandex/2.2.3.Final/jandex-2.2.3.Final.jar:/home/arvinc/.m2/repository/com/fasterxml/classmate/1.5.1/classmate-1.5.1.jar:/home/arvinc/.m2/repository/org/hibernate/common/hibernate-commons-annotations/5.1.2.Final/hibernate-commons-annotations-5.1.2.Final.jar:/home/arvinc/.m2/repository/org/glassfish/jaxb/jaxb-runtime/2.3.5/jaxb-runtime-2.3.5.jar:/home/arvinc/.m2/repository/org/glassfish/jaxb/txw2/2.3.5/txw2-2.3.5.jar:/home/arvinc/.m2/repository/com/sun/istack/istack-commons-runtime/3.0.12/istack-commons-runtime-3.0.12.jar:/home/arvinc/.m2/repository/com/sun/activation/jakarta.activation/1.2.2/jakarta.activation-1.2.2.jar:/home/arvinc/.m2/repository/org/springframework/data/spring-data-jpa/2.6.0/spring-data-jpa-2.6.0.jar:/home/arvinc/.m2/repository/org/springframework/data/spring-data-commons/2.6.0/spring-data-commons-2.6.0.jar:/home/arvinc/.m2/repository/org/springframework/spring-orm/5.3.13/spring-orm-5.3.13.jar:/home/arvinc/.m2/repository/org/springframework/spring-context/5.3.13/spring-context-5.3.13.jar:/home/arvinc/.m2/repository/org/springframework/spring-tx/5.3.13/spring-tx-5.3.13.jar:/home/arvinc/.m2/repository/org/springframework/spring-beans/5.3.13/spring-beans-5.3.13.jar:/home/arvinc/.m2/repository/org/springframework/spring-aspects/5.3.13/spring-aspects-5.3.13.jar:/home/arvinc/.m2/repository/org/springframework/boot/spring-boot-starter-security/2.6.0/spring-boot-starter-security-2.6.0.jar:/home/arvinc/.m2/repository/org/springframework/boot/spring-boot-starter/2.6.0/spring-boot-starter-2.6.0.jar:/home/arvinc/.m2/repository/org/springframework/boot/spring-boot-starter-logging/2.6.0/spring-boot-starter-logging-2.6.0.jar:/home/arvinc/.m2/repository/ch/qos/logback/logback-classic/1.2.7/logback-classic-1.2.7.jar:/home/arvinc/.m2/repository/ch/qos/logback/logback-core/1.2.7/logback-core-1.2.7.jar:/home/arvinc/.m2/repository/org/apache/logging/log4j/log4j-to-slf4j/2.14.1/log4j-to-slf4j-2.14.1.jar:/home/arvinc/.m2/repository/org/apache/logging/log4j/log4j-api/2.14.1/log4j-api-2.14.1.jar:/home/arvinc/.m2/repository/org/slf4j/jul-to-slf4j/1.7.32/jul-to-slf4j-1.7.32.jar:/home/arvinc/.m2/repository/jakarta/annotation/jakarta.annotation-api/1.3.5/jakarta.annotation-api-1.3.5.jar:/home/arvinc/.m2/repository/org/yaml/snakeyaml/1.29/snakeyaml-1.29.jar:/home/arvinc/.m2/repository/org/springframework/spring-aop/5.3.13/spring-aop-5.3.13.jar:/home/arvinc/.m2/repository/org/springframework/security/spring-security-config/5.6.0/spring-security-config-5.6.0.jar:/home/arvinc/.m2/repository/org/springframework/security/spring-security-web/5.6.0/spring-security-web-5.6.0.jar:/home/arvinc/.m2/repository/org/springframework/spring-expression/5.3.13/spring-expression-5.3.13.jar:/home/arvinc/.m2/repository/org/springframework/boot/spring-boot-starter-thymeleaf/2.6.0/spring-boot-starter-thymeleaf-2.6.0.jar:/home/arvinc/.m2/repository/org/thymeleaf/thymeleaf-spring5/3.0.12.RELEASE/thymeleaf-spring5-3.0.12.RELEASE.jar:/home/arvinc/.m2/repository/org/thymeleaf/thymeleaf/3.0.12.RELEASE/thymeleaf-3.0.12.RELEASE.jar:/home/arvinc/.m2/repository/org/attoparser/attoparser/2.0.5.RELEASE/attoparser-2.0.5.RELEASE.jar:/home/arvinc/.m2/repository/org/unbescape/unbescape/1.1.6.RELEASE/unbescape-1.1.6.RELEASE.jar:/home/arvinc/.m2/repository/org/thymeleaf/extras/thymeleaf-extras-java8time/3.0.4.RELEASE/thymeleaf-extras-java8time-3.0.4.RELEASE.jar:/home/arvinc/.m2/repository/org/springframework/boot/spring-boot-starter-validation/2.6.0/spring-boot-starter-validation-2.6.0.jar:/home/arvinc/.m2/repository/org/apache/tomcat/embed/tomcat-embed-el/9.0.55/tomcat-embed-el-9.0.55.jar:/home/arvinc/.m2/repository/org/hibernate/validator/hibernate-validator/6.2.0.Final/hibernate-validator-6.2.0.Final.jar:/home/arvinc/.m2/repository/jakarta/validation/jakarta.validation-api/2.0.2/jakarta.validation-api-2.0.2.jar:/home/arvinc/.m2/repository/org/springframework/boot/spring-boot-starter-web/2.6.0/spring-boot-starter-web-2.6.0.jar:/home/arvinc/.m2/repository/org/springframework/boot/spring-boot-starter-json/2.6.0/spring-boot-starter-json-2.6.0.jar:/home/arvinc/.m2/repository/com/fasterxml/jackson/core/jackson-databind/2.13.0/jackson-databind-2.13.0.jar:/home/arvinc/.m2/repository/com/fasterxml/jackson/core/jackson-annotations/2.13.0/jackson-annotations-2.13.0.jar:/home/arvinc/.m2/repository/com/fasterxml/jackson/core/jackson-core/2.13.0/jackson-core-2.13.0.jar:/home/arvinc/.m2/repository/com/fasterxml/jackson/datatype/jackson-datatype-jdk8/2.13.0/jackson-datatype-jdk8-2.13.0.jar:/home/arvinc/.m2/repository/com/fasterxml/jackson/datatype/jackson-datatype-jsr310/2.13.0/jackson-datatype-jsr310-2.13.0.jar:/home/arvinc/.m2/repository/com/fasterxml/jackson/module/jackson-module-parameter-names/2.13.0/jackson-module-parameter-names-2.13.0.jar:/home/arvinc/.m2/repository/org/springframework/boot/spring-boot-starter-tomcat/2.6.0/spring-boot-starter-tomcat-2.6.0.jar:/home/arvinc/.m2/repository/org/apache/tomcat/embed/tomcat-embed-core/9.0.55/tomcat-embed-core-9.0.55.jar:/home/arvinc/.m2/repository/org/apache/tomcat/embed/tomcat-embed-websocket/9.0.55/tomcat-embed-websocket-9.0.55.jar:/home/arvinc/.m2/repository/org/springframework/spring-web/5.3.13/spring-web-5.3.13.jar:/home/arvinc/.m2/repository/org/springframework/spring-webmvc/5.3.13/spring-webmvc-5.3.13.jar:/home/arvinc/.m2/repository/org/thymeleaf/extras/thymeleaf-extras-springsecurity5/3.0.4.RELEASE/thymeleaf-extras-springsecurity5-3.0.4.RELEASE.jar:/home/arvinc/.m2/repository/org/slf4j/slf4j-api/1.7.32/slf4j-api-1.7.32.jar:/home/arvinc/.m2/repository/org/springframework/boot/spring-boot-devtools/2.6.0/spring-boot-devtools-2.6.0.jar:/home/arvinc/.m2/repository/org/springframework/boot/spring-boot/2.6.0/spring-boot-2.6.0.jar:/home/arvinc/.m2/repository/org/springframework/boot/spring-boot-autoconfigure/2.6.0/spring-boot-autoconfigure-2.6.0.jar:/home/arvinc/.m2/repository/mysql/mysql-connector-java/8.0.27/mysql-connector-java-8.0.27.jar:/home/arvinc/.m2/repository/org/springframework/boot/spring-boot-starter-test/2.6.0/spring-boot-starter-test-2.6.0.jar:/home/arvinc/.m2/repository/org/springframework/boot/spring-boot-test/2.6.0/spring-boot-test-2.6.0.jar:/home/arvinc/.m2/repository/org/springframework/boot/spring-boot-test-autoconfigure/2.6.0/spring-boot-test-autoconfigure-2.6.0.jar:/home/arvinc/.m2/repository/com/jayway/jsonpath/json-path/2.6.0/json-path-2.6.0.jar:/home/arvinc/.m2/repository/net/minidev/json-smart/2.4.7/json-smart-2.4.7.jar:/home/arvinc/.m2/repository/net/minidev/accessors-smart/2.4.7/accessors-smart-2.4.7.jar:/home/arvinc/.m2/repository/org/ow2/asm/asm/9.1/asm-9.1.jar:/home/arvinc/.m2/repository/jakarta/xml/bind/jakarta.xml.bind-api/2.3.3/jakarta.xml.bind-api-2.3.3.jar:/home/arvinc/.m2/repository/jakarta/activation/jakarta.activation-api/1.2.2/jakarta.activation-api-1.2.2.jar:/home/arvinc/.m2/repository/org/assertj/assertj-core/3.21.0/assertj-core-3.21.0.jar:/home/arvinc/.m2/repository/org/hamcrest/hamcrest/2.2/hamcrest-2.2.jar:/home/arvinc/.m2/repository/org/junit/jupiter/junit-jupiter/5.8.1/junit-jupiter-5.8.1.jar:/home/arvinc/.m2/repository/org/junit/jupiter/junit-jupiter-api/5.8.1/junit-jupiter-api-5.8.1.jar:/home/arvinc/.m2/repository/org/opentest4j/opentest4j/1.2.0/opentest4j-1.2.0.jar:/home/arvinc/.m2/repository/org/junit/platform/junit-platform-commons/1.8.1/junit-platform-commons-1.8.1.jar:/home/arvinc/.m2/repository/org/apiguardian/apiguardian-api/1.1.2/apiguardian-api-1.1.2.jar:/home/arvinc/.m2/repository/org/junit/jupiter/junit-jupiter-params/5.8.1/junit-jupiter-params-5.8.1.jar:/home/arvinc/.m2/repository/org/junit/jupiter/junit-jupiter-engine/5.8.1/junit-jupiter-engine-5.8.1.jar:/home/arvinc/.m2/repository/org/junit/platform/junit-platform-engine/1.8.1/junit-platform-engine-1.8.1.jar:/home/arvinc/.m2/repository/org/mockito/mockito-core/4.0.0/mockito-core-4.0.0.jar:/home/arvinc/.m2/repository/net/bytebuddy/byte-buddy-agent/1.11.22/byte-buddy-agent-1.11.22.jar:/home/arvinc/.m2/repository/org/objenesis/objenesis/3.2/objenesis-3.2.jar:/home/arvinc/.m2/repository/org/mockito/mockito-junit-jupiter/4.0.0/mockito-junit-jupiter-4.0.0.jar:/home/arvinc/.m2/repository/org/skyscreamer/jsonassert/1.5.0/jsonassert-1.5.0.jar:/home/arvinc/.m2/repository/com/vaadin/external/google/android-json/0.0.20131108.vaadin1/android-json-0.0.20131108.vaadin1.jar:/home/arvinc/.m2/repository/org/springframework/spring-core/5.3.13/spring-core-5.3.13.jar:/home/arvinc/.m2/repository/org/springframework/spring-jcl/5.3.13/spring-jcl-5.3.13.jar:/home/arvinc/.m2/repository/org/springframework/spring-test/5.3.13/spring-test-5.3.13.jar:/home/arvinc/.m2/repository/org/xmlunit/xmlunit-core/2.8.3/xmlunit-core-2.8.3.jar:/home/arvinc/.m2/repository/org/springframework/security/spring-security-test/5.6.0/spring-security-test-5.6.0.jar:/home/arvinc/.m2/repository/org/springframework/security/spring-security-core/5.6.0/spring-security-core-5.6.0.jar:/home/arvinc/.m2/repository/org/springframework/security/spring-security-crypto/5.6.0/spring-security-crypto-5.6.0.jar:/home/arvinc/.m2/repository/org/projectlombok/lombok/1.18.22/lombok-1.18.22.jar:/home/arvinc/.m2/repository/org/mapstruct/mapstruct/1.4.2.Final/mapstruct-1.4.2.Final.jar:/home/arvinc/.m2/repository/junit/junit/4.13.2/junit-4.13.2.jar:/home/arvinc/.m2/repository/org/hamcrest/hamcrest-core/2.2/hamcrest-core-2.2.jar:/home/arvinc/.m2/repository/org/modelmapper/modelmapper/2.4.2/modelmapper-2.4.2.jar:"/>
    <property name="sun.cpu.endian" value="little"/>
    <property name="user.home" value="/home/arvinc"/>
    <property name="user.language" value="en"/>
    <property name="java.specification.vendor" value="Oracle Corporation"/>
    <property name="java.version.date" value="2021-04-20"/>
    <property name="java.home" value="/usr/lib/jvm/java-11-openjdk-amd64"/>
    <property name="file.separator" value="/"/>
    <property name="basedir" value="/home/arvinc/zemoso-training/version-2.0/demo_/demo-app-v3"/>
    <property name="java.vm.compressedOopsMode" value="Zero based"/>
    <property name="line.separator" value="&#10;"/>
    <property name="java.specification.name" value="Java Platform API Specification"/>
    <property name="java.vm.specification.vendor" value="Oracle Corporation"/>
    <property name="java.awt.graphicsenv" value="sun.awt.X11GraphicsEnvironment"/>
    <property name="surefire.real.class.path" value="/home/arvinc/zemoso-training/version-2.0/demo_/demo-app-v3/target/surefire/surefirebooter10594538151370562107.jar"/>
    <property name="sun.management.compiler" value="HotSpot 64-Bit Tiered Compilers"/>
    <property name="java.runtime.version" value="11.0.11+9-Ubuntu-0ubuntu2.20.04"/>
    <property name="user.name" value="arvinc"/>
    <property name="path.separator" value=":"/>
    <property name="os.version" value="5.11.0-41-generic"/>
    <property name="java.runtime.name" value="OpenJDK Runtime Environment"/>
    <property name="file.encoding" value="UTF-8"/>
    <property name="java.vm.name" value="OpenJDK 64-Bit Server VM"/>
    <property name="localRepository" value="/home/arvinc/.m2/repository"/>
    <property name="java.vendor.url.bug" value="https://bugs.launchpad.net/ubuntu/+source/openjdk-lts"/>
    <property name="java.io.tmpdir" value="/tmp"/>
    <property name="java.version" value="11.0.11"/>
    <property name="user.dir" value="/home/arvinc/zemoso-training/version-2.0/demo_/demo-app-v3"/>
    <property name="os.arch" value="amd64"/>
    <property name="java.vm.specification.name" value="Java Virtual Machine Specification"/>
    <property name="sonar.organization" value="zemoso"/>
    <property name="java.awt.printerjob" value="sun.print.PSPrinterJob"/>
    <property name="sun.os.patch.level" value="unknown"/>
    <property name="sonar.projectKey" value="demp-app-final"/>
    <property name="java.library.path" value="/usr/java/packages/lib:/usr/lib/x86_64-linux-gnu/jni:/lib/x86_64-linux-gnu:/usr/lib/x86_64-linux-gnu:/usr/lib/jni:/lib:/usr/lib"/>
    <property name="java.vm.info" value="mixed mode"/>
    <property name="java.vendor" value="Ubuntu"/>
    <property name="java.vm.version" value="11.0.11+9-Ubuntu-0ubuntu2.20.04"/>
    <property name="sun.io.unicode.encoding" value="UnicodeLittle"/>
    <property name="java.class.version" value="55.0"/>
  </properties>
  <testcase name="findAllPatients" classname="com.xyz.springdemo.appointmentmanagementsystem.PatientTests" time="0.593">
    <failure message="&#10;Expecting actual:&#10;  0&#10;to be greater than:&#10;  0&#10;" type="java.lang.AssertionError">java.lang.AssertionError: 

Expecting actual:
  0
to be greater than:
  0

	at com.xyz.springdemo.appointmentmanagementsystem.PatientTests.findAllPatients(PatientTests.java:32)
</failure>
    <system-out><![CDATA[13:49:36.742 [main] DEBUG org.springframework.test.context.BootstrapUtils - Instantiating CacheAwareContextLoaderDelegate from class [org.springframework.test.context.cache.DefaultCacheAwareContextLoaderDelegate]
13:49:36.755 [main] DEBUG org.springframework.test.context.BootstrapUtils - Instantiating BootstrapContext using constructor [public org.springframework.test.context.support.DefaultBootstrapContext(java.lang.Class,org.springframework.test.context.CacheAwareContextLoaderDelegate)]
13:49:36.810 [main] DEBUG org.springframework.test.context.BootstrapUtils - Instantiating TestContextBootstrapper for test class [com.xyz.springdemo.appointmentmanagementsystem.PatientTests] from class [org.springframework.boot.test.context.SpringBootTestContextBootstrapper]
13:49:36.828 [main] INFO org.springframework.boot.test.context.SpringBootTestContextBootstrapper - Neither @ContextConfiguration nor @ContextHierarchy found for test class [com.xyz.springdemo.appointmentmanagementsystem.PatientTests], using SpringBootContextLoader
13:49:36.835 [main] DEBUG org.springframework.test.context.support.AbstractContextLoader - Did not detect default resource location for test class [com.xyz.springdemo.appointmentmanagementsystem.PatientTests]: class path resource [com/xyz/springdemo/appointmentmanagementsystem/PatientTests-context.xml] does not exist
13:49:36.836 [main] DEBUG org.springframework.test.context.support.AbstractContextLoader - Did not detect default resource location for test class [com.xyz.springdemo.appointmentmanagementsystem.PatientTests]: class path resource [com/xyz/springdemo/appointmentmanagementsystem/PatientTestsContext.groovy] does not exist
13:49:36.837 [main] INFO org.springframework.test.context.support.AbstractContextLoader - Could not detect default resource locations for test class [com.xyz.springdemo.appointmentmanagementsystem.PatientTests]: no resource found for suffixes {-context.xml, Context.groovy}.
13:49:36.839 [main] INFO org.springframework.test.context.support.AnnotationConfigContextLoaderUtils - Could not detect default configuration classes for test class [com.xyz.springdemo.appointmentmanagementsystem.PatientTests]: PatientTests does not declare any static, non-private, non-final, nested classes annotated with @Configuration.
13:49:36.926 [main] DEBUG org.springframework.test.context.support.ActiveProfilesUtils - Could not find an 'annotation declaring class' for annotation type [org.springframework.test.context.ActiveProfiles] and class [com.xyz.springdemo.appointmentmanagementsystem.PatientTests]
13:49:37.033 [main] DEBUG org.springframework.context.annotation.ClassPathScanningCandidateComponentProvider - Identified candidate component class: file [/home/arvinc/zemoso-training/version-2.0/demo_/demo-app-v3/target/classes/com/xyz/springdemo/appointmentmanagementsystem/AppointmentManagementSystemApplication.class]
13:49:37.035 [main] INFO org.springframework.boot.test.context.SpringBootTestContextBootstrapper - Found @SpringBootConfiguration com.xyz.springdemo.appointmentmanagementsystem.AppointmentManagementSystemApplication for test class com.xyz.springdemo.appointmentmanagementsystem.PatientTests
13:49:37.191 [main] DEBUG org.springframework.boot.test.context.SpringBootTestContextBootstrapper - @TestExecutionListeners is not present for class [com.xyz.springdemo.appointmentmanagementsystem.PatientTests]: using defaults.
13:49:37.192 [main] INFO org.springframework.boot.test.context.SpringBootTestContextBootstrapper - Loaded default TestExecutionListener class names from location [META-INF/spring.factories]: [org.springframework.boot.test.mock.mockito.MockitoTestExecutionListener, org.springframework.boot.test.mock.mockito.ResetMocksTestExecutionListener, org.springframework.boot.test.autoconfigure.restdocs.RestDocsTestExecutionListener, org.springframework.boot.test.autoconfigure.web.client.MockRestServiceServerResetTestExecutionListener, org.springframework.boot.test.autoconfigure.web.servlet.MockMvcPrintOnlyOnFailureTestExecutionListener, org.springframework.boot.test.autoconfigure.web.servlet.WebDriverTestExecutionListener, org.springframework.boot.test.autoconfigure.webservices.client.MockWebServiceServerTestExecutionListener, org.springframework.test.context.web.ServletTestExecutionListener, org.springframework.test.context.support.DirtiesContextBeforeModesTestExecutionListener, org.springframework.test.context.event.ApplicationEventsTestExecutionListener, org.springframework.test.context.support.DependencyInjectionTestExecutionListener, org.springframework.test.context.support.DirtiesContextTestExecutionListener, org.springframework.test.context.transaction.TransactionalTestExecutionListener, org.springframework.test.context.jdbc.SqlScriptsTestExecutionListener, org.springframework.test.context.event.EventPublishingTestExecutionListener, org.springframework.security.test.context.support.WithSecurityContextTestExecutionListener, org.springframework.security.test.context.support.ReactorContextTestExecutionListener]
13:49:37.220 [main] INFO org.springframework.boot.test.context.SpringBootTestContextBootstrapper - Using TestExecutionListeners: [org.springframework.test.context.web.ServletTestExecutionListener@6b44435b, org.springframework.test.context.support.DirtiesContextBeforeModesTestExecutionListener@2ccca26f, org.springframework.test.context.event.ApplicationEventsTestExecutionListener@66b7550d, org.springframework.boot.test.mock.mockito.MockitoTestExecutionListener@3543df7d, org.springframework.boot.test.autoconfigure.SpringBootDependencyInjectionTestExecutionListener@7c541c15, org.springframework.test.context.support.DirtiesContextTestExecutionListener@3542162a, org.springframework.test.context.transaction.TransactionalTestExecutionListener@698122b2, org.springframework.test.context.jdbc.SqlScriptsTestExecutionListener@4212a0c8, org.springframework.test.context.event.EventPublishingTestExecutionListener@1e7aa82b, org.springframework.security.test.context.support.WithSecurityContextTestExecutionListener@3b2c0e88, org.springframework.security.test.context.support.ReactorContextTestExecutionListener@5bd82fed, org.springframework.boot.test.mock.mockito.ResetMocksTestExecutionListener@c1bd0be, org.springframework.boot.test.autoconfigure.restdocs.RestDocsTestExecutionListener@476b0ae6, org.springframework.boot.test.autoconfigure.web.client.MockRestServiceServerResetTestExecutionListener@1c6804cd, org.springframework.boot.test.autoconfigure.web.servlet.MockMvcPrintOnlyOnFailureTestExecutionListener@655f7ea, org.springframework.boot.test.autoconfigure.web.servlet.WebDriverTestExecutionListener@549949be, org.springframework.boot.test.autoconfigure.webservices.client.MockWebServiceServerTestExecutionListener@4b3a45f1]
13:49:37.226 [main] DEBUG org.springframework.test.context.support.AbstractDirtiesContextTestExecutionListener - Before test class: context [DefaultTestContext@488eb7f2 testClass = PatientTests, testInstance = [null], testMethod = [null], testException = [null], mergedContextConfiguration = [WebMergedContextConfiguration@5e81e5ac testClass = PatientTests, locations = '{}', classes = '{class com.xyz.springdemo.appointmentmanagementsystem.AppointmentManagementSystemApplication}', contextInitializerClasses = '[]', activeProfiles = '{}', propertySourceLocations = '{}', propertySourceProperties = '{org.springframework.boot.test.context.SpringBootTestContextBootstrapper=true}', contextCustomizers = set[org.springframework.boot.test.context.filter.ExcludeFilterContextCustomizer@2fba3fc4, org.springframework.boot.test.json.DuplicateJsonObjectContextCustomizerFactory$DuplicateJsonObjectContextCustomizer@1c39680d, org.springframework.boot.test.mock.mockito.MockitoContextCustomizer@0, org.springframework.boot.test.web.client.TestRestTemplateContextCustomizer@26df6e3a, org.springframework.boot.test.autoconfigure.actuate.metrics.MetricsExportContextCustomizerFactory$DisableMetricExportContextCustomizer@6f6745d6, org.springframework.boot.test.autoconfigure.properties.PropertyMappingContextCustomizer@0, org.springframework.boot.test.autoconfigure.web.servlet.WebDriverContextCustomizerFactory$Customizer@58594a11, org.springframework.boot.test.context.SpringBootTestArgs@1, org.springframework.boot.test.context.SpringBootTestWebEnvironment@149e0f5d], resourceBasePath = 'src/main/webapp', contextLoader = 'org.springframework.boot.test.context.SpringBootContextLoader', parent = [null]], attributes = map['org.springframework.test.context.web.ServletTestExecutionListener.activateListener' -> true]], class annotated with @DirtiesContext [false] with mode [null].
13:49:37.335 [main] DEBUG org.springframework.boot.ApplicationServletEnvironment - Activating profiles []
13:49:37.340 [main] DEBUG org.springframework.test.context.support.TestPropertySourceUtils - Adding inlined properties to environment: {spring.jmx.enabled=false, org.springframework.boot.test.context.SpringBootTestContextBootstrapper=true}

  .   ____          _            __ _ _
 /\\ / ___'_ __ _ _(_)_ __  __ _ \ \ \ \
( ( )\___ | '_ | '_| | '_ \/ _` | \ \ \ \
 \\/  ___)| |_)| | | | | || (_| |  ) ) ) )
  '  |____| .__|_| |_|_| |_\__, | / / / /
 =========|_|==============|___/=/_/_/_/
 :: Spring Boot ::                (v2.6.0)

2021-12-06 13:49:37.851  INFO 58522 --- [           main] c.x.s.a.PatientTests                     : Starting PatientTests using Java 11.0.11 on PF2PVE1N with PID 58522 (started by arvinc in /home/arvinc/zemoso-training/version-2.0/demo_/demo-app-v3)
2021-12-06 13:49:37.853  INFO 58522 --- [           main] c.x.s.a.PatientTests                     : No active profile set, falling back to default profiles: default
2021-12-06 13:49:39.171  INFO 58522 --- [           main] .s.d.r.c.RepositoryConfigurationDelegate : Bootstrapping Spring Data JPA repositories in DEFAULT mode.
2021-12-06 13:49:39.308  INFO 58522 --- [           main] .s.d.r.c.RepositoryConfigurationDelegate : Finished Spring Data repository scanning in 120 ms. Found 5 JPA repository interfaces.
2021-12-06 13:49:40.634  INFO 58522 --- [           main] o.hibernate.jpa.internal.util.LogHelper  : HHH000204: Processing PersistenceUnitInfo [name: default]
2021-12-06 13:49:40.705  INFO 58522 --- [           main] org.hibernate.Version                    : HHH000412: Hibernate ORM core version 5.6.1.Final
2021-12-06 13:49:40.937  INFO 58522 --- [           main] o.hibernate.annotations.common.Version   : HCANN000001: Hibernate Commons Annotations {5.1.2.Final}
2021-12-06 13:49:41.157  INFO 58522 --- [           main] com.zaxxer.hikari.HikariDataSource       : HikariPool-1 - Starting...
2021-12-06 13:49:41.523  INFO 58522 --- [           main] com.zaxxer.hikari.HikariDataSource       : HikariPool-1 - Start completed.
2021-12-06 13:49:41.562  INFO 58522 --- [           main] org.hibernate.dialect.Dialect            : HHH000400: Using dialect: org.hibernate.dialect.MySQL5InnoDBDialect
2021-12-06 13:49:42.753  INFO 58522 --- [           main] o.h.e.t.j.p.i.JtaPlatformInitiator       : HHH000490: Using JtaPlatform implementation: [org.hibernate.engine.transaction.jta.platform.internal.NoJtaPlatform]
2021-12-06 13:49:42.774  INFO 58522 --- [           main] j.LocalContainerEntityManagerFactoryBean : Initialized JPA EntityManagerFactory for persistence unit 'default'
2021-12-06 13:49:42.952  WARN 58522 --- [           main] JpaBaseConfiguration$JpaWebConfiguration : spring.jpa.open-in-view is enabled by default. Therefore, database queries may be performed during view rendering. Explicitly configure spring.jpa.open-in-view to disable this warning
2021-12-06 13:49:44.903  INFO 58522 --- [           main] o.s.s.web.DefaultSecurityFilterChain     : Will secure any request with [org.springframework.security.web.context.request.async.WebAsyncManagerIntegrationFilter@63053b71, org.springframework.security.web.context.SecurityContextPersistenceFilter@1b984ba5, org.springframework.security.web.header.HeaderWriterFilter@43b74979, org.springframework.security.web.csrf.CsrfFilter@2a666c8e, org.springframework.security.web.authentication.logout.LogoutFilter@3ffe74da, org.springframework.security.web.authentication.UsernamePasswordAuthenticationFilter@1e2c0292, org.springframework.security.web.savedrequest.RequestCacheAwareFilter@7c751692, org.springframework.security.web.servletapi.SecurityContextHolderAwareRequestFilter@4c05f83b, org.springframework.security.web.authentication.AnonymousAuthenticationFilter@4687c184, org.springframework.security.web.session.SessionManagementFilter@242ebd3b, org.springframework.security.web.access.ExceptionTranslationFilter@1af78e37, org.springframework.security.web.access.intercept.FilterSecurityInterceptor@75566f4]
2021-12-06 13:49:46.557  INFO 58522 --- [           main] c.x.s.a.PatientTests                     : Started PatientTests in 9.216 seconds (JVM running for 11.108)
2021-12-06 13:49:46.818  INFO 58522 --- [           main] c.x.s.a.aspect.Logging                   : 
=========> Finding from service layer
2021-12-06 13:49:47.052  INFO 58522 --- [           main] c.x.s.a.aspect.Logging                   : 
=========> Found from service layer
]]></system-out>
  </testcase>
  <testcase name="findById" classname="com.xyz.springdemo.appointmentmanagementsystem.PatientTests" time="0.032">
    <error message="Patient not found with id 3" type="java.lang.RuntimeException">java.lang.RuntimeException: Patient not found with id 3
	at com.xyz.springdemo.appointmentmanagementsystem.PatientTests.findById(PatientTests.java:37)
</error>
    <system-out><![CDATA[2021-12-06 13:49:47.192  INFO 58522 --- [           main] c.x.s.a.aspect.Logging                   : 
=========> Finding from service layer
2021-12-06 13:49:47.214  INFO 58522 --- [           main] c.x.s.a.aspect.Logging                   : 
=========> Found from service layer
]]></system-out>
  </testcase>
  <testcase name="savePatient" classname="com.xyz.springdemo.appointmentmanagementsystem.PatientTests" time="0.29"/>
</testsuite>